Copyright 1986-2018 Xilinx, Inc. All Rights Reserved.
--------------------------------------------------------------------------------------------------------------------------------------------------------------------------------------------------------
| Tool Version : Vivado v.2018.2 (win64) Build 2258646 Thu Jun 14 20:03:12 MDT 2018
| Date         : Thu Aug 18 04:03:16 2022
| Host         : SP-AS515-LAPTOP running 64-bit major release  (build 9200)
| Command      : report_methodology -file EnclosureNanoProcessor_methodology_drc_routed.rpt -pb EnclosureNanoProcessor_methodology_drc_routed.pb -rpx EnclosureNanoProcessor_methodology_drc_routed.rpx
| Design       : EnclosureNanoProcessor
| Device       : xc7a35tcpg236-1
| Speed File   : -1
| Design State : Routed
--------------------------------------------------------------------------------------------------------------------------------------------------------------------------------------------------------

Report Methodology

Table of Contents
-----------------
1. REPORT SUMMARY
2. REPORT DETAILS

1. REPORT SUMMARY
-----------------
            Netlist: netlist
          Floorplan: design_1
      Design limits: <entire design considered>
             Max violations: <unlimited>
             Violations found: 171
+-----------+----------+-------------------------------+------------+
| Rule      | Severity | Description                   | Violations |
+-----------+----------+-------------------------------+------------+
| TIMING-17 | Warning  | Non-clocked sequential cell   | 157        |
| TIMING-18 | Warning  | Missing input or output delay | 14         |
+-----------+----------+-------------------------------+------------+

2. REPORT DETAILS
-----------------
TIMING-17#1 Warning
Non-clocked sequential cell  
The clock pin DispConfigSig_reg[0]/C is not reached by a timing clock
Related violations: <none>

TIMING-17#2 Warning
Non-clocked sequential cell  
The clock pin DispConfigSig_reg[1]/C is not reached by a timing clock
Related violations: <none>

TIMING-17#3 Warning
Non-clocked sequential cell  
The clock pin DispConfigSig_reg[2]/C is not reached by a timing clock
Related violations: <none>

TIMING-17#4 Warning
Non-clocked sequential cell  
The clock pin FSM_sequential_instructionInputStateCounter_reg[0]/C is not reached by a timing clock
Related violations: <none>

TIMING-17#5 Warning
Non-clocked sequential cell  
The clock pin FSM_sequential_instructionInputStateCounter_reg[1]/C is not reached by a timing clock
Related violations: <none>

TIMING-17#6 Warning
Non-clocked sequential cell  
The clock pin NanoProcessor_0/PC_4bit_0/Q_reg[0]/C is not reached by a timing clock
Related violations: <none>

TIMING-17#7 Warning
Non-clocked sequential cell  
The clock pin NanoProcessor_0/PC_4bit_0/Q_reg[1]/C is not reached by a timing clock
Related violations: <none>

TIMING-17#8 Warning
Non-clocked sequential cell  
The clock pin NanoProcessor_0/PC_4bit_0/Q_reg[2]/C is not reached by a timing clock
Related violations: <none>

TIMING-17#9 Warning
Non-clocked sequential cell  
The clock pin NanoProcessor_0/PC_4bit_0/Q_reg[3]/C is not reached by a timing clock
Related violations: <none>

TIMING-17#10 Warning
Non-clocked sequential cell  
The clock pin NanoProcessor_0/Reg_Bank_16byte_0/R1/Q_reg[0]/C is not reached by a timing clock
Related violations: <none>

TIMING-17#11 Warning
Non-clocked sequential cell  
The clock pin NanoProcessor_0/Reg_Bank_16byte_0/R1/Q_reg[1]/C is not reached by a timing clock
Related violations: <none>

TIMING-17#12 Warning
Non-clocked sequential cell  
The clock pin NanoProcessor_0/Reg_Bank_16byte_0/R1/Q_reg[2]/C is not reached by a timing clock
Related violations: <none>

TIMING-17#13 Warning
Non-clocked sequential cell  
The clock pin NanoProcessor_0/Reg_Bank_16byte_0/R1/Q_reg[3]/C is not reached by a timing clock
Related violations: <none>

TIMING-17#14 Warning
Non-clocked sequential cell  
The clock pin NanoProcessor_0/Reg_Bank_16byte_0/R1/Q_reg[4]/C is not reached by a timing clock
Related violations: <none>

TIMING-17#15 Warning
Non-clocked sequential cell  
The clock pin NanoProcessor_0/Reg_Bank_16byte_0/R1/Q_reg[5]/C is not reached by a timing clock
Related violations: <none>

TIMING-17#16 Warning
Non-clocked sequential cell  
The clock pin NanoProcessor_0/Reg_Bank_16byte_0/R1/Q_reg[6]/C is not reached by a timing clock
Related violations: <none>

TIMING-17#17 Warning
Non-clocked sequential cell  
The clock pin NanoProcessor_0/Reg_Bank_16byte_0/R1/Q_reg[7]/C is not reached by a timing clock
Related violations: <none>

TIMING-17#18 Warning
Non-clocked sequential cell  
The clock pin NanoProcessor_0/Reg_Bank_16byte_0/R10/Q_reg[0]/C is not reached by a timing clock
Related violations: <none>

TIMING-17#19 Warning
Non-clocked sequential cell  
The clock pin NanoProcessor_0/Reg_Bank_16byte_0/R10/Q_reg[1]/C is not reached by a timing clock
Related violations: <none>

TIMING-17#20 Warning
Non-clocked sequential cell  
The clock pin NanoProcessor_0/Reg_Bank_16byte_0/R10/Q_reg[2]/C is not reached by a timing clock
Related violations: <none>

TIMING-17#21 Warning
Non-clocked sequential cell  
The clock pin NanoProcessor_0/Reg_Bank_16byte_0/R10/Q_reg[3]/C is not reached by a timing clock
Related violations: <none>

TIMING-17#22 Warning
Non-clocked sequential cell  
The clock pin NanoProcessor_0/Reg_Bank_16byte_0/R10/Q_reg[4]/C is not reached by a timing clock
Related violations: <none>

TIMING-17#23 Warning
Non-clocked sequential cell  
The clock pin NanoProcessor_0/Reg_Bank_16byte_0/R10/Q_reg[5]/C is not reached by a timing clock
Related violations: <none>

TIMING-17#24 Warning
Non-clocked sequential cell  
The clock pin NanoProcessor_0/Reg_Bank_16byte_0/R10/Q_reg[6]/C is not reached by a timing clock
Related violations: <none>

TIMING-17#25 Warning
Non-clocked sequential cell  
The clock pin NanoProcessor_0/Reg_Bank_16byte_0/R10/Q_reg[7]/C is not reached by a timing clock
Related violations: <none>

TIMING-17#26 Warning
Non-clocked sequential cell  
The clock pin NanoProcessor_0/Reg_Bank_16byte_0/R11/Q_reg[0]/C is not reached by a timing clock
Related violations: <none>

TIMING-17#27 Warning
Non-clocked sequential cell  
The clock pin NanoProcessor_0/Reg_Bank_16byte_0/R11/Q_reg[1]/C is not reached by a timing clock
Related violations: <none>

TIMING-17#28 Warning
Non-clocked sequential cell  
The clock pin NanoProcessor_0/Reg_Bank_16byte_0/R11/Q_reg[2]/C is not reached by a timing clock
Related violations: <none>

TIMING-17#29 Warning
Non-clocked sequential cell  
The clock pin NanoProcessor_0/Reg_Bank_16byte_0/R11/Q_reg[3]/C is not reached by a timing clock
Related violations: <none>

TIMING-17#30 Warning
Non-clocked sequential cell  
The clock pin NanoProcessor_0/Reg_Bank_16byte_0/R11/Q_reg[4]/C is not reached by a timing clock
Related violations: <none>

TIMING-17#31 Warning
Non-clocked sequential cell  
The clock pin NanoProcessor_0/Reg_Bank_16byte_0/R11/Q_reg[5]/C is not reached by a timing clock
Related violations: <none>

TIMING-17#32 Warning
Non-clocked sequential cell  
The clock pin NanoProcessor_0/Reg_Bank_16byte_0/R11/Q_reg[6]/C is not reached by a timing clock
Related violations: <none>

TIMING-17#33 Warning
Non-clocked sequential cell  
The clock pin NanoProcessor_0/Reg_Bank_16byte_0/R11/Q_reg[7]/C is not reached by a timing clock
Related violations: <none>

TIMING-17#34 Warning
Non-clocked sequential cell  
The clock pin NanoProcessor_0/Reg_Bank_16byte_0/R12/Q_reg[0]/C is not reached by a timing clock
Related violations: <none>

TIMING-17#35 Warning
Non-clocked sequential cell  
The clock pin NanoProcessor_0/Reg_Bank_16byte_0/R12/Q_reg[1]/C is not reached by a timing clock
Related violations: <none>

TIMING-17#36 Warning
Non-clocked sequential cell  
The clock pin NanoProcessor_0/Reg_Bank_16byte_0/R12/Q_reg[2]/C is not reached by a timing clock
Related violations: <none>

TIMING-17#37 Warning
Non-clocked sequential cell  
The clock pin NanoProcessor_0/Reg_Bank_16byte_0/R12/Q_reg[3]/C is not reached by a timing clock
Related violations: <none>

TIMING-17#38 Warning
Non-clocked sequential cell  
The clock pin NanoProcessor_0/Reg_Bank_16byte_0/R12/Q_reg[4]/C is not reached by a timing clock
Related violations: <none>

TIMING-17#39 Warning
Non-clocked sequential cell  
The clock pin NanoProcessor_0/Reg_Bank_16byte_0/R12/Q_reg[5]/C is not reached by a timing clock
Related violations: <none>

TIMING-17#40 Warning
Non-clocked sequential cell  
The clock pin NanoProcessor_0/Reg_Bank_16byte_0/R12/Q_reg[6]/C is not reached by a timing clock
Related violations: <none>

TIMING-17#41 Warning
Non-clocked sequential cell  
The clock pin NanoProcessor_0/Reg_Bank_16byte_0/R12/Q_reg[7]/C is not reached by a timing clock
Related violations: <none>

TIMING-17#42 Warning
Non-clocked sequential cell  
The clock pin NanoProcessor_0/Reg_Bank_16byte_0/R13/Q_reg[0]/C is not reached by a timing clock
Related violations: <none>

TIMING-17#43 Warning
Non-clocked sequential cell  
The clock pin NanoProcessor_0/Reg_Bank_16byte_0/R13/Q_reg[1]/C is not reached by a timing clock
Related violations: <none>

TIMING-17#44 Warning
Non-clocked sequential cell  
The clock pin NanoProcessor_0/Reg_Bank_16byte_0/R13/Q_reg[2]/C is not reached by a timing clock
Related violations: <none>

TIMING-17#45 Warning
Non-clocked sequential cell  
The clock pin NanoProcessor_0/Reg_Bank_16byte_0/R13/Q_reg[3]/C is not reached by a timing clock
Related violations: <none>

TIMING-17#46 Warning
Non-clocked sequential cell  
The clock pin NanoProcessor_0/Reg_Bank_16byte_0/R13/Q_reg[4]/C is not reached by a timing clock
Related violations: <none>

TIMING-17#47 Warning
Non-clocked sequential cell  
The clock pin NanoProcessor_0/Reg_Bank_16byte_0/R13/Q_reg[5]/C is not reached by a timing clock
Related violations: <none>

TIMING-17#48 Warning
Non-clocked sequential cell  
The clock pin NanoProcessor_0/Reg_Bank_16byte_0/R13/Q_reg[6]/C is not reached by a timing clock
Related violations: <none>

TIMING-17#49 Warning
Non-clocked sequential cell  
The clock pin NanoProcessor_0/Reg_Bank_16byte_0/R13/Q_reg[7]/C is not reached by a timing clock
Related violations: <none>

TIMING-17#50 Warning
Non-clocked sequential cell  
The clock pin NanoProcessor_0/Reg_Bank_16byte_0/R14/Q_reg[0]/C is not reached by a timing clock
Related violations: <none>

TIMING-17#51 Warning
Non-clocked sequential cell  
The clock pin NanoProcessor_0/Reg_Bank_16byte_0/R14/Q_reg[1]/C is not reached by a timing clock
Related violations: <none>

TIMING-17#52 Warning
Non-clocked sequential cell  
The clock pin NanoProcessor_0/Reg_Bank_16byte_0/R14/Q_reg[2]/C is not reached by a timing clock
Related violations: <none>

TIMING-17#53 Warning
Non-clocked sequential cell  
The clock pin NanoProcessor_0/Reg_Bank_16byte_0/R14/Q_reg[3]/C is not reached by a timing clock
Related violations: <none>

TIMING-17#54 Warning
Non-clocked sequential cell  
The clock pin NanoProcessor_0/Reg_Bank_16byte_0/R14/Q_reg[4]/C is not reached by a timing clock
Related violations: <none>

TIMING-17#55 Warning
Non-clocked sequential cell  
The clock pin NanoProcessor_0/Reg_Bank_16byte_0/R14/Q_reg[5]/C is not reached by a timing clock
Related violations: <none>

TIMING-17#56 Warning
Non-clocked sequential cell  
The clock pin NanoProcessor_0/Reg_Bank_16byte_0/R14/Q_reg[6]/C is not reached by a timing clock
Related violations: <none>

TIMING-17#57 Warning
Non-clocked sequential cell  
The clock pin NanoProcessor_0/Reg_Bank_16byte_0/R14/Q_reg[7]/C is not reached by a timing clock
Related violations: <none>

TIMING-17#58 Warning
Non-clocked sequential cell  
The clock pin NanoProcessor_0/Reg_Bank_16byte_0/R15/Q_reg[0]/C is not reached by a timing clock
Related violations: <none>

TIMING-17#59 Warning
Non-clocked sequential cell  
The clock pin NanoProcessor_0/Reg_Bank_16byte_0/R15/Q_reg[1]/C is not reached by a timing clock
Related violations: <none>

TIMING-17#60 Warning
Non-clocked sequential cell  
The clock pin NanoProcessor_0/Reg_Bank_16byte_0/R15/Q_reg[2]/C is not reached by a timing clock
Related violations: <none>

TIMING-17#61 Warning
Non-clocked sequential cell  
The clock pin NanoProcessor_0/Reg_Bank_16byte_0/R15/Q_reg[3]/C is not reached by a timing clock
Related violations: <none>

TIMING-17#62 Warning
Non-clocked sequential cell  
The clock pin NanoProcessor_0/Reg_Bank_16byte_0/R15/Q_reg[4]/C is not reached by a timing clock
Related violations: <none>

TIMING-17#63 Warning
Non-clocked sequential cell  
The clock pin NanoProcessor_0/Reg_Bank_16byte_0/R15/Q_reg[5]/C is not reached by a timing clock
Related violations: <none>

TIMING-17#64 Warning
Non-clocked sequential cell  
The clock pin NanoProcessor_0/Reg_Bank_16byte_0/R15/Q_reg[6]/C is not reached by a timing clock
Related violations: <none>

TIMING-17#65 Warning
Non-clocked sequential cell  
The clock pin NanoProcessor_0/Reg_Bank_16byte_0/R15/Q_reg[7]/C is not reached by a timing clock
Related violations: <none>

TIMING-17#66 Warning
Non-clocked sequential cell  
The clock pin NanoProcessor_0/Reg_Bank_16byte_0/R2/Q_reg[0]/C is not reached by a timing clock
Related violations: <none>

TIMING-17#67 Warning
Non-clocked sequential cell  
The clock pin NanoProcessor_0/Reg_Bank_16byte_0/R2/Q_reg[1]/C is not reached by a timing clock
Related violations: <none>

TIMING-17#68 Warning
Non-clocked sequential cell  
The clock pin NanoProcessor_0/Reg_Bank_16byte_0/R2/Q_reg[2]/C is not reached by a timing clock
Related violations: <none>

TIMING-17#69 Warning
Non-clocked sequential cell  
The clock pin NanoProcessor_0/Reg_Bank_16byte_0/R2/Q_reg[3]/C is not reached by a timing clock
Related violations: <none>

TIMING-17#70 Warning
Non-clocked sequential cell  
The clock pin NanoProcessor_0/Reg_Bank_16byte_0/R2/Q_reg[4]/C is not reached by a timing clock
Related violations: <none>

TIMING-17#71 Warning
Non-clocked sequential cell  
The clock pin NanoProcessor_0/Reg_Bank_16byte_0/R2/Q_reg[5]/C is not reached by a timing clock
Related violations: <none>

TIMING-17#72 Warning
Non-clocked sequential cell  
The clock pin NanoProcessor_0/Reg_Bank_16byte_0/R2/Q_reg[6]/C is not reached by a timing clock
Related violations: <none>

TIMING-17#73 Warning
Non-clocked sequential cell  
The clock pin NanoProcessor_0/Reg_Bank_16byte_0/R2/Q_reg[7]/C is not reached by a timing clock
Related violations: <none>

TIMING-17#74 Warning
Non-clocked sequential cell  
The clock pin NanoProcessor_0/Reg_Bank_16byte_0/R3/Q_reg[0]/C is not reached by a timing clock
Related violations: <none>

TIMING-17#75 Warning
Non-clocked sequential cell  
The clock pin NanoProcessor_0/Reg_Bank_16byte_0/R3/Q_reg[1]/C is not reached by a timing clock
Related violations: <none>

TIMING-17#76 Warning
Non-clocked sequential cell  
The clock pin NanoProcessor_0/Reg_Bank_16byte_0/R3/Q_reg[2]/C is not reached by a timing clock
Related violations: <none>

TIMING-17#77 Warning
Non-clocked sequential cell  
The clock pin NanoProcessor_0/Reg_Bank_16byte_0/R3/Q_reg[3]/C is not reached by a timing clock
Related violations: <none>

TIMING-17#78 Warning
Non-clocked sequential cell  
The clock pin NanoProcessor_0/Reg_Bank_16byte_0/R3/Q_reg[4]/C is not reached by a timing clock
Related violations: <none>

TIMING-17#79 Warning
Non-clocked sequential cell  
The clock pin NanoProcessor_0/Reg_Bank_16byte_0/R3/Q_reg[5]/C is not reached by a timing clock
Related violations: <none>

TIMING-17#80 Warning
Non-clocked sequential cell  
The clock pin NanoProcessor_0/Reg_Bank_16byte_0/R3/Q_reg[6]/C is not reached by a timing clock
Related violations: <none>

TIMING-17#81 Warning
Non-clocked sequential cell  
The clock pin NanoProcessor_0/Reg_Bank_16byte_0/R3/Q_reg[7]/C is not reached by a timing clock
Related violations: <none>

TIMING-17#82 Warning
Non-clocked sequential cell  
The clock pin NanoProcessor_0/Reg_Bank_16byte_0/R4/Q_reg[0]/C is not reached by a timing clock
Related violations: <none>

TIMING-17#83 Warning
Non-clocked sequential cell  
The clock pin NanoProcessor_0/Reg_Bank_16byte_0/R4/Q_reg[1]/C is not reached by a timing clock
Related violations: <none>

TIMING-17#84 Warning
Non-clocked sequential cell  
The clock pin NanoProcessor_0/Reg_Bank_16byte_0/R4/Q_reg[2]/C is not reached by a timing clock
Related violations: <none>

TIMING-17#85 Warning
Non-clocked sequential cell  
The clock pin NanoProcessor_0/Reg_Bank_16byte_0/R4/Q_reg[3]/C is not reached by a timing clock
Related violations: <none>

TIMING-17#86 Warning
Non-clocked sequential cell  
The clock pin NanoProcessor_0/Reg_Bank_16byte_0/R4/Q_reg[4]/C is not reached by a timing clock
Related violations: <none>

TIMING-17#87 Warning
Non-clocked sequential cell  
The clock pin NanoProcessor_0/Reg_Bank_16byte_0/R4/Q_reg[5]/C is not reached by a timing clock
Related violations: <none>

TIMING-17#88 Warning
Non-clocked sequential cell  
The clock pin NanoProcessor_0/Reg_Bank_16byte_0/R4/Q_reg[6]/C is not reached by a timing clock
Related violations: <none>

TIMING-17#89 Warning
Non-clocked sequential cell  
The clock pin NanoProcessor_0/Reg_Bank_16byte_0/R4/Q_reg[7]/C is not reached by a timing clock
Related violations: <none>

TIMING-17#90 Warning
Non-clocked sequential cell  
The clock pin NanoProcessor_0/Reg_Bank_16byte_0/R5/Q_reg[0]/C is not reached by a timing clock
Related violations: <none>

TIMING-17#91 Warning
Non-clocked sequential cell  
The clock pin NanoProcessor_0/Reg_Bank_16byte_0/R5/Q_reg[1]/C is not reached by a timing clock
Related violations: <none>

TIMING-17#92 Warning
Non-clocked sequential cell  
The clock pin NanoProcessor_0/Reg_Bank_16byte_0/R5/Q_reg[2]/C is not reached by a timing clock
Related violations: <none>

TIMING-17#93 Warning
Non-clocked sequential cell  
The clock pin NanoProcessor_0/Reg_Bank_16byte_0/R5/Q_reg[3]/C is not reached by a timing clock
Related violations: <none>

TIMING-17#94 Warning
Non-clocked sequential cell  
The clock pin NanoProcessor_0/Reg_Bank_16byte_0/R5/Q_reg[4]/C is not reached by a timing clock
Related violations: <none>

TIMING-17#95 Warning
Non-clocked sequential cell  
The clock pin NanoProcessor_0/Reg_Bank_16byte_0/R5/Q_reg[5]/C is not reached by a timing clock
Related violations: <none>

TIMING-17#96 Warning
Non-clocked sequential cell  
The clock pin NanoProcessor_0/Reg_Bank_16byte_0/R5/Q_reg[6]/C is not reached by a timing clock
Related violations: <none>

TIMING-17#97 Warning
Non-clocked sequential cell  
The clock pin NanoProcessor_0/Reg_Bank_16byte_0/R5/Q_reg[7]/C is not reached by a timing clock
Related violations: <none>

TIMING-17#98 Warning
Non-clocked sequential cell  
The clock pin NanoProcessor_0/Reg_Bank_16byte_0/R6/Q_reg[0]/C is not reached by a timing clock
Related violations: <none>

TIMING-17#99 Warning
Non-clocked sequential cell  
The clock pin NanoProcessor_0/Reg_Bank_16byte_0/R6/Q_reg[1]/C is not reached by a timing clock
Related violations: <none>

TIMING-17#100 Warning
Non-clocked sequential cell  
The clock pin NanoProcessor_0/Reg_Bank_16byte_0/R6/Q_reg[2]/C is not reached by a timing clock
Related violations: <none>

TIMING-17#101 Warning
Non-clocked sequential cell  
The clock pin NanoProcessor_0/Reg_Bank_16byte_0/R6/Q_reg[3]/C is not reached by a timing clock
Related violations: <none>

TIMING-17#102 Warning
Non-clocked sequential cell  
The clock pin NanoProcessor_0/Reg_Bank_16byte_0/R6/Q_reg[4]/C is not reached by a timing clock
Related violations: <none>

TIMING-17#103 Warning
Non-clocked sequential cell  
The clock pin NanoProcessor_0/Reg_Bank_16byte_0/R6/Q_reg[5]/C is not reached by a timing clock
Related violations: <none>

TIMING-17#104 Warning
Non-clocked sequential cell  
The clock pin NanoProcessor_0/Reg_Bank_16byte_0/R6/Q_reg[6]/C is not reached by a timing clock
Related violations: <none>

TIMING-17#105 Warning
Non-clocked sequential cell  
The clock pin NanoProcessor_0/Reg_Bank_16byte_0/R6/Q_reg[7]/C is not reached by a timing clock
Related violations: <none>

TIMING-17#106 Warning
Non-clocked sequential cell  
The clock pin NanoProcessor_0/Reg_Bank_16byte_0/R7/Q_reg[0]/C is not reached by a timing clock
Related violations: <none>

TIMING-17#107 Warning
Non-clocked sequential cell  
The clock pin NanoProcessor_0/Reg_Bank_16byte_0/R7/Q_reg[1]/C is not reached by a timing clock
Related violations: <none>

TIMING-17#108 Warning
Non-clocked sequential cell  
The clock pin NanoProcessor_0/Reg_Bank_16byte_0/R7/Q_reg[1]_lopt_replica/C is not reached by a timing clock
Related violations: <none>

TIMING-17#109 Warning
Non-clocked sequential cell  
The clock pin NanoProcessor_0/Reg_Bank_16byte_0/R7/Q_reg[2]/C is not reached by a timing clock
Related violations: <none>

TIMING-17#110 Warning
Non-clocked sequential cell  
The clock pin NanoProcessor_0/Reg_Bank_16byte_0/R7/Q_reg[2]_lopt_replica/C is not reached by a timing clock
Related violations: <none>

TIMING-17#111 Warning
Non-clocked sequential cell  
The clock pin NanoProcessor_0/Reg_Bank_16byte_0/R7/Q_reg[3]/C is not reached by a timing clock
Related violations: <none>

TIMING-17#112 Warning
Non-clocked sequential cell  
The clock pin NanoProcessor_0/Reg_Bank_16byte_0/R7/Q_reg[4]/C is not reached by a timing clock
Related violations: <none>

TIMING-17#113 Warning
Non-clocked sequential cell  
The clock pin NanoProcessor_0/Reg_Bank_16byte_0/R7/Q_reg[4]_lopt_replica/C is not reached by a timing clock
Related violations: <none>

TIMING-17#114 Warning
Non-clocked sequential cell  
The clock pin NanoProcessor_0/Reg_Bank_16byte_0/R7/Q_reg[5]/C is not reached by a timing clock
Related violations: <none>

TIMING-17#115 Warning
Non-clocked sequential cell  
The clock pin NanoProcessor_0/Reg_Bank_16byte_0/R7/Q_reg[5]_lopt_replica/C is not reached by a timing clock
Related violations: <none>

TIMING-17#116 Warning
Non-clocked sequential cell  
The clock pin NanoProcessor_0/Reg_Bank_16byte_0/R7/Q_reg[6]/C is not reached by a timing clock
Related violations: <none>

TIMING-17#117 Warning
Non-clocked sequential cell  
The clock pin NanoProcessor_0/Reg_Bank_16byte_0/R7/Q_reg[6]_lopt_replica/C is not reached by a timing clock
Related violations: <none>

TIMING-17#118 Warning
Non-clocked sequential cell  
The clock pin NanoProcessor_0/Reg_Bank_16byte_0/R7/Q_reg[7]/C is not reached by a timing clock
Related violations: <none>

TIMING-17#119 Warning
Non-clocked sequential cell  
The clock pin NanoProcessor_0/Reg_Bank_16byte_0/R7/Q_reg[7]_lopt_replica/C is not reached by a timing clock
Related violations: <none>

TIMING-17#120 Warning
Non-clocked sequential cell  
The clock pin NanoProcessor_0/Reg_Bank_16byte_0/R8/Q_reg[0]/C is not reached by a timing clock
Related violations: <none>

TIMING-17#121 Warning
Non-clocked sequential cell  
The clock pin NanoProcessor_0/Reg_Bank_16byte_0/R8/Q_reg[1]/C is not reached by a timing clock
Related violations: <none>

TIMING-17#122 Warning
Non-clocked sequential cell  
The clock pin NanoProcessor_0/Reg_Bank_16byte_0/R8/Q_reg[2]/C is not reached by a timing clock
Related violations: <none>

TIMING-17#123 Warning
Non-clocked sequential cell  
The clock pin NanoProcessor_0/Reg_Bank_16byte_0/R8/Q_reg[3]/C is not reached by a timing clock
Related violations: <none>

TIMING-17#124 Warning
Non-clocked sequential cell  
The clock pin NanoProcessor_0/Reg_Bank_16byte_0/R8/Q_reg[4]/C is not reached by a timing clock
Related violations: <none>

TIMING-17#125 Warning
Non-clocked sequential cell  
The clock pin NanoProcessor_0/Reg_Bank_16byte_0/R8/Q_reg[5]/C is not reached by a timing clock
Related violations: <none>

TIMING-17#126 Warning
Non-clocked sequential cell  
The clock pin NanoProcessor_0/Reg_Bank_16byte_0/R8/Q_reg[6]/C is not reached by a timing clock
Related violations: <none>

TIMING-17#127 Warning
Non-clocked sequential cell  
The clock pin NanoProcessor_0/Reg_Bank_16byte_0/R8/Q_reg[7]/C is not reached by a timing clock
Related violations: <none>

TIMING-17#128 Warning
Non-clocked sequential cell  
The clock pin NanoProcessor_0/Reg_Bank_16byte_0/R9/Q_reg[0]/C is not reached by a timing clock
Related violations: <none>

TIMING-17#129 Warning
Non-clocked sequential cell  
The clock pin NanoProcessor_0/Reg_Bank_16byte_0/R9/Q_reg[1]/C is not reached by a timing clock
Related violations: <none>

TIMING-17#130 Warning
Non-clocked sequential cell  
The clock pin NanoProcessor_0/Reg_Bank_16byte_0/R9/Q_reg[2]/C is not reached by a timing clock
Related violations: <none>

TIMING-17#131 Warning
Non-clocked sequential cell  
The clock pin NanoProcessor_0/Reg_Bank_16byte_0/R9/Q_reg[3]/C is not reached by a timing clock
Related violations: <none>

TIMING-17#132 Warning
Non-clocked sequential cell  
The clock pin NanoProcessor_0/Reg_Bank_16byte_0/R9/Q_reg[4]/C is not reached by a timing clock
Related violations: <none>

TIMING-17#133 Warning
Non-clocked sequential cell  
The clock pin NanoProcessor_0/Reg_Bank_16byte_0/R9/Q_reg[5]/C is not reached by a timing clock
Related violations: <none>

TIMING-17#134 Warning
Non-clocked sequential cell  
The clock pin NanoProcessor_0/Reg_Bank_16byte_0/R9/Q_reg[6]/C is not reached by a timing clock
Related violations: <none>

TIMING-17#135 Warning
Non-clocked sequential cell  
The clock pin NanoProcessor_0/Reg_Bank_16byte_0/R9/Q_reg[7]/C is not reached by a timing clock
Related violations: <none>

TIMING-17#136 Warning
Non-clocked sequential cell  
The clock pin Rd_en_sig_reg/C is not reached by a timing clock
Related violations: <none>

TIMING-17#137 Warning
Non-clocked sequential cell  
The clock pin input_add_sig_reg[0]/C is not reached by a timing clock
Related violations: <none>

TIMING-17#138 Warning
Non-clocked sequential cell  
The clock pin input_add_sig_reg[1]/C is not reached by a timing clock
Related violations: <none>

TIMING-17#139 Warning
Non-clocked sequential cell  
The clock pin input_add_sig_reg[2]/C is not reached by a timing clock
Related violations: <none>

TIMING-17#140 Warning
Non-clocked sequential cell  
The clock pin input_add_sig_reg[3]/C is not reached by a timing clock
Related violations: <none>

TIMING-17#141 Warning
Non-clocked sequential cell  
The clock pin input_ins_sig_reg[0]/C is not reached by a timing clock
Related violations: <none>

TIMING-17#142 Warning
Non-clocked sequential cell  
The clock pin input_ins_sig_reg[10]/C is not reached by a timing clock
Related violations: <none>

TIMING-17#143 Warning
Non-clocked sequential cell  
The clock pin input_ins_sig_reg[11]/C is not reached by a timing clock
Related violations: <none>

TIMING-17#144 Warning
Non-clocked sequential cell  
The clock pin input_ins_sig_reg[12]/C is not reached by a timing clock
Related violations: <none>

TIMING-17#145 Warning
Non-clocked sequential cell  
The clock pin input_ins_sig_reg[13]/C is not reached by a timing clock
Related violations: <none>

TIMING-17#146 Warning
Non-clocked sequential cell  
The clock pin input_ins_sig_reg[14]/C is not reached by a timing clock
Related violations: <none>

TIMING-17#147 Warning
Non-clocked sequential cell  
The clock pin input_ins_sig_reg[15]/C is not reached by a timing clock
Related violations: <none>

TIMING-17#148 Warning
Non-clocked sequential cell  
The clock pin input_ins_sig_reg[1]/C is not reached by a timing clock
Related violations: <none>

TIMING-17#149 Warning
Non-clocked sequential cell  
The clock pin input_ins_sig_reg[2]/C is not reached by a timing clock
Related violations: <none>

TIMING-17#150 Warning
Non-clocked sequential cell  
The clock pin input_ins_sig_reg[3]/C is not reached by a timing clock
Related violations: <none>

TIMING-17#151 Warning
Non-clocked sequential cell  
The clock pin input_ins_sig_reg[4]/C is not reached by a timing clock
Related violations: <none>

TIMING-17#152 Warning
Non-clocked sequential cell  
The clock pin input_ins_sig_reg[5]/C is not reached by a timing clock
Related violations: <none>

TIMING-17#153 Warning
Non-clocked sequential cell  
The clock pin input_ins_sig_reg[6]/C is not reached by a timing clock
Related violations: <none>

TIMING-17#154 Warning
Non-clocked sequential cell  
The clock pin input_ins_sig_reg[7]/C is not reached by a timing clock
Related violations: <none>

TIMING-17#155 Warning
Non-clocked sequential cell  
The clock pin input_ins_sig_reg[8]/C is not reached by a timing clock
Related violations: <none>

TIMING-17#156 Warning
Non-clocked sequential cell  
The clock pin input_ins_sig_reg[9]/C is not reached by a timing clock
Related violations: <none>

TIMING-17#157 Warning
Non-clocked sequential cell  
The clock pin instruction_wr_en_sig_reg/C is not reached by a timing clock
Related violations: <none>

TIMING-18#1 Warning
Missing input or output delay  
An input delay is missing on RamReset relative to clock(s) sys_clk_pin
Related violations: <none>

TIMING-18#2 Warning
Missing input or output delay  
An output delay is missing on DigitSelectOut[0] relative to clock(s) sys_clk_pin
Related violations: <none>

TIMING-18#3 Warning
Missing input or output delay  
An output delay is missing on DigitSelectOut[1] relative to clock(s) sys_clk_pin
Related violations: <none>

TIMING-18#4 Warning
Missing input or output delay  
An output delay is missing on DigitSelectOut[2] relative to clock(s) sys_clk_pin
Related violations: <none>

TIMING-18#5 Warning
Missing input or output delay  
An output delay is missing on DigitSelectOut[3] relative to clock(s) sys_clk_pin
Related violations: <none>

TIMING-18#6 Warning
Missing input or output delay  
An output delay is missing on Overflow relative to clock(s) sys_clk_pin
Related violations: <none>

TIMING-18#7 Warning
Missing input or output delay  
An output delay is missing on Seven_seg_out[0] relative to clock(s) sys_clk_pin
Related violations: <none>

TIMING-18#8 Warning
Missing input or output delay  
An output delay is missing on Seven_seg_out[1] relative to clock(s) sys_clk_pin
Related violations: <none>

TIMING-18#9 Warning
Missing input or output delay  
An output delay is missing on Seven_seg_out[2] relative to clock(s) sys_clk_pin
Related violations: <none>

TIMING-18#10 Warning
Missing input or output delay  
An output delay is missing on Seven_seg_out[3] relative to clock(s) sys_clk_pin
Related violations: <none>

TIMING-18#11 Warning
Missing input or output delay  
An output delay is missing on Seven_seg_out[4] relative to clock(s) sys_clk_pin
Related violations: <none>

TIMING-18#12 Warning
Missing input or output delay  
An output delay is missing on Seven_seg_out[5] relative to clock(s) sys_clk_pin
Related violations: <none>

TIMING-18#13 Warning
Missing input or output delay  
An output delay is missing on Seven_seg_out[6] relative to clock(s) sys_clk_pin
Related violations: <none>

TIMING-18#14 Warning
Missing input or output delay  
An output delay is missing on Zero relative to clock(s) sys_clk_pin
Related violations: <none>


